<?xml version="1.0" encoding="UTF-8"?>
<testng-results skipped="0" failed="0" total="1" passed="1">
  <reporter-output>
  </reporter-output>
  <suite name="Surefire suite" duration-ms="16750" started-at="2019-02-19T19:42:57Z" finished-at="2019-02-19T19:43:14Z">
    <groups>
      <group name="cucumber">
        <method signature="Runner.feature(cucumber.api.testng.CucumberFeatureWrapper)[pri:0, instance:Common.Runner@3796751b]" name="feature" class="Common.Runner"/>
      </group> <!-- cucumber -->
    </groups>
    <test name="Surefire test" duration-ms="16750" started-at="2019-02-19T19:42:57Z" finished-at="2019-02-19T19:43:14Z">
      <class name="Common.Runner">
        <test-method status="PASS" signature="setUpClass()[pri:0, instance:Common.Runner@3796751b]" name="setUpClass" is-config="true" duration-ms="322" started-at="2019-02-20T01:12:57Z" finished-at="2019-02-20T01:12:58Z">
          <reporter-output>
          </reporter-output>
        </test-method> <!-- setUpClass -->
        <test-method status="PASS" signature="feature(cucumber.api.testng.CucumberFeatureWrapper)[pri:0, instance:Common.Runner@3796751b]" name="feature" duration-ms="15937" started-at="2019-02-20T01:12:58Z" description="Runs Cucumber Feature" data-provider="features" finished-at="2019-02-20T01:13:14Z">
          <params>
            <param index="0">
              <value>
                <![CDATA[Reset functionality on login page of Application]]>
              </value>
            </param>
          </params>
          <reporter-output>
          </reporter-output>
        </test-method> <!-- feature -->
        <test-method status="PASS" signature="tearDownClass()[pri:0, instance:Common.Runner@3796751b]" name="tearDownClass" is-config="true" duration-ms="375" started-at="2019-02-20T01:13:14Z" finished-at="2019-02-20T01:13:14Z">
          <reporter-output>
          </reporter-output>
        </test-method> <!-- tearDownClass -->
      </class> <!-- Common.Runner -->
    </test> <!-- Surefire test -->
  </suite> <!-- Surefire suite -->
</testng-results>
