<?xml version="1.0" encoding="UTF-8"?>
<testng-results skipped="0" failed="0" total="1" passed="1">
  <reporter-output>
  </reporter-output>
  <suite name="Default suite" duration-ms="16731" started-at="2019-02-19T21:33:41Z" finished-at="2019-02-19T21:33:58Z">
    <groups>
      <group name="cucumber">
        <method signature="AbstractTestNGCucumberTests.feature(cucumber.api.testng.CucumberFeatureWrapper)[pri:0, instance:Common.Runner@5442a311]" name="feature" class="cucumber.api.testng.AbstractTestNGCucumberTests"/>
      </group> <!-- cucumber -->
    </groups>
    <test name="Default test" duration-ms="16731" started-at="2019-02-19T21:33:41Z" finished-at="2019-02-19T21:33:58Z">
      <class name="Common.Runner">
        <test-method status="PASS" signature="setUpClass()[pri:0, instance:Common.Runner@5442a311]" name="setUpClass" is-config="true" duration-ms="313" started-at="2019-02-20T03:03:41Z" finished-at="2019-02-20T03:03:41Z">
          <reporter-output>
          </reporter-output>
        </test-method> <!-- setUpClass -->
        <test-method status="PASS" signature="feature(cucumber.api.testng.CucumberFeatureWrapper)[pri:0, instance:Common.Runner@5442a311]" name="feature" duration-ms="16127" started-at="2019-02-20T03:03:41Z" description="Runs Cucumber Feature" data-provider="features" finished-at="2019-02-20T03:03:57Z">
          <params>
            <param index="0">
              <value>
                <![CDATA[Reset functionality on login page of Application]]>
              </value>
            </param>
          </params>
          <reporter-output>
          </reporter-output>
        </test-method> <!-- feature -->
        <test-method status="PASS" signature="tearDownClass()[pri:0, instance:Common.Runner@5442a311]" name="tearDownClass" is-config="true" duration-ms="166" started-at="2019-02-20T03:03:57Z" finished-at="2019-02-20T03:03:58Z">
          <reporter-output>
          </reporter-output>
        </test-method> <!-- tearDownClass -->
      </class> <!-- Common.Runner -->
    </test> <!-- Default test -->
  </suite> <!-- Default suite -->
</testng-results>
